0 info it worked if it ends with ok
1 verbose cli [ 'node', '/usr/bin/npm', 'install', 'mgCrud' ]
2 info using npm@1.3.6
3 info using node@v0.10.36
4 verbose readDependencies using package.json deps
5 verbose cache add [ 'mgCrud', null ]
6 verbose cache add name=undefined spec="mgCrud" args=["mgCrud",null]
7 verbose parsed url { protocol: null,
7 verbose parsed url   slashes: null,
7 verbose parsed url   auth: null,
7 verbose parsed url   host: null,
7 verbose parsed url   port: null,
7 verbose parsed url   hostname: null,
7 verbose parsed url   hash: null,
7 verbose parsed url   search: null,
7 verbose parsed url   query: null,
7 verbose parsed url   pathname: 'mgCrud',
7 verbose parsed url   path: 'mgCrud',
7 verbose parsed url   href: 'mgCrud' }
8 silly lockFile e9dec042-mgCrud mgCrud
9 verbose lock mgCrud /home/kpicaza/.npm/e9dec042-mgCrud.lock
10 silly lockFile e9dec042-mgCrud mgCrud
11 silly lockFile e9dec042-mgCrud mgCrud
12 verbose addNamed [ 'mgCrud', '' ]
13 verbose addNamed [ null, '*' ]
14 silly lockFile fd0c9d93-mgCrud mgCrud@
15 verbose lock mgCrud@ /home/kpicaza/.npm/fd0c9d93-mgCrud.lock
16 silly addNameRange { name: 'mgCrud', range: '*', hasData: false }
17 verbose url raw mgCrud
18 verbose url resolving [ 'https://registry.npmjs.org/', './mgCrud' ]
19 verbose url resolved https://registry.npmjs.org/mgCrud
20 info trying registry request attempt 1 at 17:59:32
21 http GET https://registry.npmjs.org/mgCrud
22 http 404 https://registry.npmjs.org/mgCrud
23 silly registry.get cb [ 404,
23 silly registry.get   { 'content-type': 'application/json',
23 silly registry.get     'cache-control': 'max-age=0',
23 silly registry.get     'content-length': '2',
23 silly registry.get     'accept-ranges': 'bytes',
23 silly registry.get     date: 'Sat, 16 Jan 2016 16:59:32 GMT',
23 silly registry.get     via: '1.1 varnish',
23 silly registry.get     age: '0',
23 silly registry.get     connection: 'keep-alive',
23 silly registry.get     'x-served-by': 'cache-lcy1134-LCY',
23 silly registry.get     'x-cache': 'MISS',
23 silly registry.get     'x-cache-hits': '0',
23 silly registry.get     'x-timer': 'S1452963572.305803,VS0,VE406' } ]
24 silly addNameRange number 2 { name: 'mgCrud', range: '*', hasData: true }
25 silly addNameRange versions [ undefined, [] ]
26 error TypeError: Cannot read property 'latest' of undefined
26 error     at next (/usr/lib/node_modules/npm/lib/cache.js:687:35)
26 error     at /usr/lib/node_modules/npm/lib/cache.js:675:5
26 error     at saved (/usr/lib/node_modules/npm-registry-client/lib/get.js:148:7)
26 error     at /usr/lib/node_modules/graceful-fs/polyfills.js:133:7
26 error     at Object.oncomplete (fs.js:108:15)
27 error If you need help, you may report this log at:
27 error     <http://github.com/isaacs/npm/issues>
27 error or email it to:
27 error     <npm-@googlegroups.com>
28 error System Linux 3.19.8-100.fc20.x86_64
29 error command "node" "/usr/bin/npm" "install" "mgCrud"
30 error cwd /home/kpicaza/server/harmony/api/src/Kpicaza/FrontendBundle/Resources/angular
31 error node -v v0.10.36
32 error npm -v 1.3.6
33 error type non_object_property_load
34 verbose exit [ 1, true ]
